{
  "stats": {
    "suites": 1,
    "tests": 10,
    "passes": 10,
    "pending": 0,
    "failures": 0,
    "start": "2020-07-16T04:35:42.473Z",
    "end": "2020-07-16T04:35:55.212Z",
    "duration": 12739,
    "testsRegistered": 10,
    "passPercent": 100,
    "pendingPercent": 0,
    "other": 0,
    "hasOther": false,
    "skipped": 0,
    "hasSkipped": false
  },
  "results": [
    {
      "uuid": "1cbb4104-71a7-4e89-813b-754d022581e6",
      "title": "",
      "fullFile": "cypress\\integration\\Teach-Away\\Exercise.spec.js",
      "file": "cypress\\integration\\Teach-Away\\Exercise.spec.js",
      "beforeHooks": [],
      "afterHooks": [],
      "tests": [],
      "suites": [
        {
          "uuid": "4f9b1a42-5975-4c58-8001-a4e9181f0755",
          "title": "Exercise Test Suite Mega Menu",
          "fullFile": "",
          "file": "",
          "beforeHooks": [],
          "afterHooks": [],
          "tests": [
            {
              "title": "Should Mega Menu container be Visible",
              "fullTitle": "Exercise Test Suite Mega Menu Should Mega Menu container be Visible",
              "timedOut": null,
              "duration": 5282,
              "state": "passed",
              "speed": "slow",
              "pass": true,
              "fail": false,
              "pending": false,
              "context": null,
              "code": "homePage.getMegaMenu_Container().should('be.visible');",
              "err": {},
              "uuid": "6e2a04f7-f65a-4bed-b1c0-caca413937cd",
              "parentUUID": "4f9b1a42-5975-4c58-8001-a4e9181f0755",
              "isHook": false,
              "skipped": false
            },
            {
              "title": "Should The main options be visible",
              "fullTitle": "Exercise Test Suite Mega Menu Should The main options be visible",
              "timedOut": null,
              "duration": 2761,
              "state": "passed",
              "speed": "slow",
              "pass": true,
              "fail": false,
              "pending": false,
              "context": null,
              "code": "homePage.getMegaMenu_TitleJobs().should('be.visible').and('contain', 'Jobs');\nhomePage.getMegaMenu_TitleTefl().should('be.visible').and('contain', 'Tefl');\nhomePage.getMegaMenu_TitleTeacherCerification().should('be.visible').and('contain', 'Teacher Certification');\nhomePage.getMegaMenu_TitleCourses().should('be.visible').and('contain', 'Courses');\nhomePage.getMegaMenu_TitleHireTeachers().should('be.visible').and('contain', 'Hire Teachers');",
              "err": {},
              "uuid": "eb7755ca-fa34-4d22-aae9-51f53e383c5e",
              "parentUUID": "4f9b1a42-5975-4c58-8001-a4e9181f0755",
              "isHook": false,
              "skipped": false
            },
            {
              "title": "Should \"Jobs\" option have a Dropdown whith other Options",
              "fullTitle": "Exercise Test Suite Mega Menu Should \"Jobs\" option have a Dropdown whith other Options",
              "timedOut": null,
              "duration": 520,
              "state": "passed",
              "speed": "slow",
              "pass": true,
              "fail": false,
              "pending": false,
              "context": null,
              "code": "homePage.getMegaMenu_TitleJobs().click();\nhomePage.getMegaMenu_TitleJobBoard().should('be.visible').and('contain', 'Job Board');\nhomePage.getMegaMenu_TitleDestinations().should('be.visible').and('contain', 'Destinations');\nhomePage.getMegaMenu_TitleFeaturedPrograms().should('be.visible').and('contain', 'Featured Programs');\nhomePage.getMegaMenu_TitleJobOpenings().should('be.visible').and('contain', 'Job Openings');\nhomePage.getMegaMenu_TitleTeachUS().should('be.visible').and('contain', 'Teach in the US');\nhomePage.getMegaMenu_TitleCommunity().should('be.visible').and('contain', 'Community');",
              "err": {},
              "uuid": "5001c3f3-5d4a-410b-a10a-8791986adf4d",
              "parentUUID": "4f9b1a42-5975-4c58-8001-a4e9181f0755",
              "isHook": false,
              "skipped": false
            },
            {
              "title": "Should \"Destinations\" option show a Countries list",
              "fullTitle": "Exercise Test Suite Mega Menu Should \"Destinations\" option show a Countries list",
              "timedOut": null,
              "duration": 167,
              "state": "passed",
              "speed": "slow",
              "pass": true,
              "fail": false,
              "pending": false,
              "context": null,
              "code": "homePage.getMegaMenu_blockCountries().find('h2').should('contain', 'Countries');\ncy.wrap(data.countries).each(function (country_name) {\n  homePage.getMegaMenu_blockCountries().find('li').should('contain', country_name);\n});",
              "err": {},
              "uuid": "a530929c-e8e5-4550-9791-c5a74fd6d286",
              "parentUUID": "4f9b1a42-5975-4c58-8001-a4e9181f0755",
              "isHook": false,
              "skipped": false
            },
            {
              "title": "Should \"Destinations\" option show a Regions list ",
              "fullTitle": "Exercise Test Suite Mega Menu Should \"Destinations\" option show a Regions list ",
              "timedOut": null,
              "duration": 133,
              "state": "passed",
              "speed": "slow",
              "pass": true,
              "fail": false,
              "pending": false,
              "context": null,
              "code": "homePage.getMegaMenu_blockRegions().find('h2').should('contain', 'Regions');\ncy.wrap(data.regions).each(function (region_name) {\n  homePage.getMegaMenu_blockRegions().find('li').should('contain', region_name);\n});",
              "err": {},
              "uuid": "149da77a-c4dc-49cb-bbad-3f82bbb91384",
              "parentUUID": "4f9b1a42-5975-4c58-8001-a4e9181f0755",
              "isHook": false,
              "skipped": false
            },
            {
              "title": "Should \"Featured Programs\"  show a block with diferents options ",
              "fullTitle": "Exercise Test Suite Mega Menu Should \"Featured Programs\"  show a block with diferents options ",
              "timedOut": null,
              "duration": 181,
              "state": "passed",
              "speed": "slow",
              "pass": true,
              "fail": false,
              "pending": false,
              "context": null,
              "code": "cy.wrap(data.featuredPrograms).each(function (featuredProgram_name) {\n  homePage.getMegaMenu_blockfeaturedprograms().find('li').should('contain', featuredProgram_name);\n});",
              "err": {},
              "uuid": "e3146a78-88cc-4f6c-8cd6-b65f61a470e8",
              "parentUUID": "4f9b1a42-5975-4c58-8001-a4e9181f0755",
              "isHook": false,
              "skipped": false
            },
            {
              "title": "Should \"Teach in the United States\"  option show a block with the Top Cities",
              "fullTitle": "Exercise Test Suite Mega Menu Should \"Teach in the United States\"  option show a block with the Top Cities",
              "timedOut": null,
              "duration": 129,
              "state": "passed",
              "speed": "slow",
              "pass": true,
              "fail": false,
              "pending": false,
              "context": null,
              "code": "homePage.getMegaMenu_blockTopCities().find('h2').should('contain', 'Top Cities');\ncy.wrap(data.topCities).each(function (city_name) {\n  homePage.getMegaMenu_blockTopCities().find('li').should('contain', city_name);\n});",
              "err": {},
              "uuid": "635c1307-82e0-4b88-8c92-3dce93160f4b",
              "parentUUID": "4f9b1a42-5975-4c58-8001-a4e9181f0755",
              "isHook": false,
              "skipped": false
            },
            {
              "title": "Should \"Teach in the United States\"  option show a block with the Top States",
              "fullTitle": "Exercise Test Suite Mega Menu Should \"Teach in the United States\"  option show a block with the Top States",
              "timedOut": null,
              "duration": 88,
              "state": "passed",
              "speed": "slow",
              "pass": true,
              "fail": false,
              "pending": false,
              "context": null,
              "code": "homePage.get_MegaMenublockTopStates().find('h2').should('contain', 'Top States');\ncy.wrap(data.topStates).each(function (state_name) {\n  homePage.get_MegaMenublockTopStates().find('li').should('contain', state_name);\n});",
              "err": {},
              "uuid": "6726cb26-0e7d-4b57-86f0-008cd0d86d9d",
              "parentUUID": "4f9b1a42-5975-4c58-8001-a4e9181f0755",
              "isHook": false,
              "skipped": false
            },
            {
              "title": "Should \"TEFL\" option have a Dropdown whith other Options",
              "fullTitle": "Exercise Test Suite Mega Menu Should \"TEFL\" option have a Dropdown whith other Options",
              "timedOut": null,
              "duration": 160,
              "state": "passed",
              "speed": "slow",
              "pass": true,
              "fail": false,
              "pending": false,
              "context": null,
              "code": "homePage.getMegaMenu_TitleTefl().click();\nhomePage.getMegaMenu_TitleTEFLCourses().should('be.visible').and('contain', 'TEFL Courses');\nhomePage.getMegaMenu_TitleCertificationGuide().should('be.visible').and('contain', 'TEFL Certification Guide');",
              "err": {},
              "uuid": "19725439-6a46-42e9-aba4-0e82dc082566",
              "parentUUID": "4f9b1a42-5975-4c58-8001-a4e9181f0755",
              "isHook": false,
              "skipped": false
            },
            {
              "title": "Should \"Teacher Certification\" option have a Dropdown whith other Options",
              "fullTitle": "Exercise Test Suite Mega Menu Should \"Teacher Certification\" option have a Dropdown whith other Options",
              "timedOut": null,
              "duration": 156,
              "state": "passed",
              "speed": "slow",
              "pass": true,
              "fail": false,
              "pending": false,
              "context": null,
              "code": "homePage.getMegaMenu_TitleTeacherCerification().click(); //Another way to check text\nhomePage.getMegaMenu_TitleTeacherCertificationGuide().then(function ($el) {\n  expect($el.text().trim()).to.include('Teacher Certification Guide');\n});\nhomePage.getMegaMenu_TitleCertificationPrograms().then(function ($el) {\n  expect($el.text().trim()).to.include('Certification Programs');\n});\nhomePage.getMegaMenu_TitleHawai().then(function ($el) {\n  expect($el.text().trim()).to.include('Hawai');\n});\nhomePage.getMegaMenu_TitleArizonaTeacherCertification().then(function ($el) {\n  expect($el.text().trim()).to.include('Arizona');\n});",
              "err": {},
              "uuid": "f06731e9-0bda-4423-a9da-884ed01f9b2a",
              "parentUUID": "4f9b1a42-5975-4c58-8001-a4e9181f0755",
              "isHook": false,
              "skipped": false
            }
          ],
          "suites": [],
          "passes": [
            "6e2a04f7-f65a-4bed-b1c0-caca413937cd",
            "eb7755ca-fa34-4d22-aae9-51f53e383c5e",
            "5001c3f3-5d4a-410b-a10a-8791986adf4d",
            "a530929c-e8e5-4550-9791-c5a74fd6d286",
            "149da77a-c4dc-49cb-bbad-3f82bbb91384",
            "e3146a78-88cc-4f6c-8cd6-b65f61a470e8",
            "635c1307-82e0-4b88-8c92-3dce93160f4b",
            "6726cb26-0e7d-4b57-86f0-008cd0d86d9d",
            "19725439-6a46-42e9-aba4-0e82dc082566",
            "f06731e9-0bda-4423-a9da-884ed01f9b2a"
          ],
          "failures": [],
          "pending": [],
          "skipped": [],
          "duration": 9577,
          "root": false,
          "rootEmpty": false,
          "_timeout": 2000
        }
      ],
      "passes": [],
      "failures": [],
      "pending": [],
      "skipped": [],
      "duration": 0,
      "root": true,
      "rootEmpty": true,
      "_timeout": 2000
    }
  ],
  "meta": {
    "mocha": {
      "version": "7.0.1"
    },
    "mochawesome": {
      "options": {
        "quiet": false,
        "reportFilename": "mochawesome",
        "saveHtml": false,
        "saveJson": true,
        "consoleReporter": "spec",
        "useInlineDiffs": false,
        "code": true
      },
      "version": "6.1.1"
    },
    "marge": {
      "options": {
        "id": "default",
        "reportDir": "cypress/reports/mocha",
        "quite": true,
        "overwrite": false,
        "html": false,
        "json": true
      },
      "version": "5.1.0"
    }
  }
}