{
  "stats": {
    "suites": 1,
    "tests": 10,
    "passes": 10,
    "pending": 0,
    "failures": 0,
    "start": "2020-07-20T02:36:37.660Z",
    "end": "2020-07-20T02:36:50.012Z",
    "duration": 12352,
    "testsRegistered": 10,
    "passPercent": 100,
    "pendingPercent": 0,
    "other": 0,
    "hasOther": false,
    "skipped": 0,
    "hasSkipped": false
  },
  "results": [
    {
      "uuid": "20b4f1e0-ad33-45b0-8d8e-31be846f84e4",
      "title": "",
      "fullFile": "cypress\\integration\\Teach-Away\\Exercise.spec.js",
      "file": "cypress\\integration\\Teach-Away\\Exercise.spec.js",
      "beforeHooks": [],
      "afterHooks": [],
      "tests": [],
      "suites": [
        {
          "uuid": "32a3a48a-ba19-4932-9b8f-76a1302b1e15",
          "title": "Exercise Test Suite Mega Menu",
          "fullFile": "",
          "file": "",
          "beforeHooks": [],
          "afterHooks": [],
          "tests": [
            {
              "title": "Should Mega Menu container be Visible",
              "fullTitle": "Exercise Test Suite Mega Menu Should Mega Menu container be Visible",
              "timedOut": null,
              "duration": 5742,
              "state": "passed",
              "speed": "slow",
              "pass": true,
              "fail": false,
              "pending": false,
              "context": null,
              "code": "homePage.getMegaMenu_Container().should('be.visible');",
              "err": {},
              "uuid": "04655852-f603-4c0a-af00-3f8a20b6541b",
              "parentUUID": "32a3a48a-ba19-4932-9b8f-76a1302b1e15",
              "isHook": false,
              "skipped": false
            },
            {
              "title": "Should The main options be visible",
              "fullTitle": "Exercise Test Suite Mega Menu Should The main options be visible",
              "timedOut": null,
              "duration": 2354,
              "state": "passed",
              "speed": "slow",
              "pass": true,
              "fail": false,
              "pending": false,
              "context": null,
              "code": "homePage.getMegaMenu_TitleJobs().should('be.visible').and('contain', 'Jobs');\nhomePage.getMegaMenu_TitleTefl().should('be.visible').and('contain', 'Tefl');\nhomePage.getMegaMenu_TitleTeacherCerification().should('be.visible').and('contain', 'Teacher Certification');\nhomePage.getMegaMenu_TitleCourses().should('be.visible').and('contain', 'Courses');\nhomePage.getMegaMenu_TitleHireTeachers().should('be.visible').and('contain', 'Hire Teachers');",
              "err": {},
              "uuid": "9c5b3d7a-32e0-47c9-a4b2-8b1ec998259c",
              "parentUUID": "32a3a48a-ba19-4932-9b8f-76a1302b1e15",
              "isHook": false,
              "skipped": false
            },
            {
              "title": "Should \"Jobs\" option have a Dropdown with other Options",
              "fullTitle": "Exercise Test Suite Mega Menu Should \"Jobs\" option have a Dropdown with other Options",
              "timedOut": null,
              "duration": 299,
              "state": "passed",
              "speed": "slow",
              "pass": true,
              "fail": false,
              "pending": false,
              "context": null,
              "code": "homePage.getMegaMenu_TitleJobs().click();\nhomePage.getMegaMenu_TitleJobBoard().should('be.visible').and('contain', 'Job Board');\nhomePage.getMegaMenu_TitleDestinations().should('be.visible').and('contain', 'Destinations');\nhomePage.getMegaMenu_TitleFeaturedPrograms().should('be.visible').and('contain', 'Featured Programs');\nhomePage.getMegaMenu_TitleJobOpenings().should('be.visible').and('contain', 'Job Openings');\nhomePage.getMegaMenu_TitleTeachUS().should('be.visible').and('contain', 'Teach in the US');\nhomePage.getMegaMenu_TitleCommunity().should('be.visible').and('contain', 'Community');",
              "err": {},
              "uuid": "eab0301d-6656-450e-86e9-a28c976c20d7",
              "parentUUID": "32a3a48a-ba19-4932-9b8f-76a1302b1e15",
              "isHook": false,
              "skipped": false
            },
            {
              "title": "Should \"Destinations\" option show a Countries list",
              "fullTitle": "Exercise Test Suite Mega Menu Should \"Destinations\" option show a Countries list",
              "timedOut": null,
              "duration": 192,
              "state": "passed",
              "speed": "slow",
              "pass": true,
              "fail": false,
              "pending": false,
              "context": null,
              "code": "homePage.getMegaMenu_blockCountries().find('h2').should('contain', 'Countries');\ncy.wrap(data.countries).each(function (country_name) {\n  homePage.getMegaMenu_blockCountries().find('li').should('contain', country_name);\n});",
              "err": {},
              "uuid": "5cacb266-bd08-430a-9a77-1ddb6b7f4bdb",
              "parentUUID": "32a3a48a-ba19-4932-9b8f-76a1302b1e15",
              "isHook": false,
              "skipped": false
            },
            {
              "title": "Should \"Destinations\" option show a Regions list",
              "fullTitle": "Exercise Test Suite Mega Menu Should \"Destinations\" option show a Regions list",
              "timedOut": null,
              "duration": 95,
              "state": "passed",
              "speed": "slow",
              "pass": true,
              "fail": false,
              "pending": false,
              "context": null,
              "code": "homePage.getMegaMenu_blockRegions().find('h2').should('contain', 'Regions');\ncy.wrap(data.regions).each(function (region_name) {\n  homePage.getMegaMenu_blockRegions().find('li').should('contain', region_name);\n});",
              "err": {},
              "uuid": "aa961afc-046e-4d00-93c4-64e935ab0a5d",
              "parentUUID": "32a3a48a-ba19-4932-9b8f-76a1302b1e15",
              "isHook": false,
              "skipped": false
            },
            {
              "title": "Should \"Featured Programs\" show a block with diferents options",
              "fullTitle": "Exercise Test Suite Mega Menu Should \"Featured Programs\" show a block with diferents options",
              "timedOut": null,
              "duration": 182,
              "state": "passed",
              "speed": "slow",
              "pass": true,
              "fail": false,
              "pending": false,
              "context": null,
              "code": "cy.wrap(data.featuredPrograms).each(function (featuredProgram_name) {\n  homePage.getMegaMenu_blockfeaturedprograms().find('li').should('contain', featuredProgram_name);\n});",
              "err": {},
              "uuid": "7dcd975c-c903-42da-8326-3b7f9afb2d57",
              "parentUUID": "32a3a48a-ba19-4932-9b8f-76a1302b1e15",
              "isHook": false,
              "skipped": false
            },
            {
              "title": "Should \"Teach in the United States\" option show a block with Top Cities",
              "fullTitle": "Exercise Test Suite Mega Menu Should \"Teach in the United States\" option show a block with Top Cities",
              "timedOut": null,
              "duration": 89,
              "state": "passed",
              "speed": "slow",
              "pass": true,
              "fail": false,
              "pending": false,
              "context": null,
              "code": "homePage.getMegaMenu_blockTopCities().find('h2').should('contain', 'Top Cities');\ncy.wrap(data.topCities).each(function (city_name) {\n  homePage.getMegaMenu_blockTopCities().find('li').should('contain', city_name);\n});",
              "err": {},
              "uuid": "276ad501-f5c8-4e14-8705-19bea3136410",
              "parentUUID": "32a3a48a-ba19-4932-9b8f-76a1302b1e15",
              "isHook": false,
              "skipped": false
            },
            {
              "title": "Should \"Teach in the United States\"  option show a block with Top States",
              "fullTitle": "Exercise Test Suite Mega Menu Should \"Teach in the United States\"  option show a block with Top States",
              "timedOut": null,
              "duration": 91,
              "state": "passed",
              "speed": "slow",
              "pass": true,
              "fail": false,
              "pending": false,
              "context": null,
              "code": "homePage.get_MegaMenublockTopStates().find('h2').should('contain', 'Top States');\ncy.wrap(data.topStates).each(function (state_name) {\n  homePage.get_MegaMenublockTopStates().find('li').should('contain', state_name);\n});",
              "err": {},
              "uuid": "77671fb7-de7b-4eef-a994-697409969f2c",
              "parentUUID": "32a3a48a-ba19-4932-9b8f-76a1302b1e15",
              "isHook": false,
              "skipped": false
            },
            {
              "title": "Should \"TEFL\" option have a Dropdown with other Options",
              "fullTitle": "Exercise Test Suite Mega Menu Should \"TEFL\" option have a Dropdown with other Options",
              "timedOut": null,
              "duration": 187,
              "state": "passed",
              "speed": "slow",
              "pass": true,
              "fail": false,
              "pending": false,
              "context": null,
              "code": "homePage.getMegaMenu_TitleTefl().click();\nhomePage.getMegaMenu_TitleTEFLCourses().should('be.visible').and('contain', 'TEFL Courses');\nhomePage.getMegaMenu_TitleCertificationGuide().should('be.visible').and('contain', 'TEFL Certification Guide');",
              "err": {},
              "uuid": "a356177f-bac3-4109-9272-878bf2889e96",
              "parentUUID": "32a3a48a-ba19-4932-9b8f-76a1302b1e15",
              "isHook": false,
              "skipped": false
            },
            {
              "title": "Should \"Teacher Certification\" option have a Dropdown with other Options",
              "fullTitle": "Exercise Test Suite Mega Menu Should \"Teacher Certification\" option have a Dropdown with other Options",
              "timedOut": null,
              "duration": 180,
              "state": "passed",
              "speed": "slow",
              "pass": true,
              "fail": false,
              "pending": false,
              "context": null,
              "code": "homePage.getMegaMenu_TitleTeacherCerification().click(); //Another way to check text\nhomePage.getMegaMenu_TitleTeacherCertificationGuide().then(function ($el) {\n  expect($el.text().trim()).to.include('Teacher Certification Guide');\n});\nhomePage.getMegaMenu_TitleCertificationPrograms().then(function ($el) {\n  expect($el.text().trim()).to.include('Certification Programs');\n});\nhomePage.getMegaMenu_TitleHawai().then(function ($el) {\n  expect($el.text().trim()).to.include('Hawai');\n});\nhomePage.getMegaMenu_TitleArizonaTeacherCertification().then(function ($el) {\n  expect($el.text().trim()).to.include('Arizona');\n});",
              "err": {},
              "uuid": "dea1030f-cb41-4f31-82cf-0613917624b6",
              "parentUUID": "32a3a48a-ba19-4932-9b8f-76a1302b1e15",
              "isHook": false,
              "skipped": false
            }
          ],
          "suites": [],
          "passes": [
            "04655852-f603-4c0a-af00-3f8a20b6541b",
            "9c5b3d7a-32e0-47c9-a4b2-8b1ec998259c",
            "eab0301d-6656-450e-86e9-a28c976c20d7",
            "5cacb266-bd08-430a-9a77-1ddb6b7f4bdb",
            "aa961afc-046e-4d00-93c4-64e935ab0a5d",
            "7dcd975c-c903-42da-8326-3b7f9afb2d57",
            "276ad501-f5c8-4e14-8705-19bea3136410",
            "77671fb7-de7b-4eef-a994-697409969f2c",
            "a356177f-bac3-4109-9272-878bf2889e96",
            "dea1030f-cb41-4f31-82cf-0613917624b6"
          ],
          "failures": [],
          "pending": [],
          "skipped": [],
          "duration": 9411,
          "root": false,
          "rootEmpty": false,
          "_timeout": 2000
        }
      ],
      "passes": [],
      "failures": [],
      "pending": [],
      "skipped": [],
      "duration": 0,
      "root": true,
      "rootEmpty": true,
      "_timeout": 2000
    }
  ],
  "meta": {
    "mocha": {
      "version": "7.0.1"
    },
    "mochawesome": {
      "options": {
        "quiet": false,
        "reportFilename": "mochawesome",
        "saveHtml": false,
        "saveJson": true,
        "consoleReporter": "spec",
        "useInlineDiffs": false,
        "code": true
      },
      "version": "6.1.1"
    },
    "marge": {
      "options": {
        "id": "default",
        "reportDir": "cypress/reports/mocha",
        "quite": true,
        "overwrite": false,
        "html": false,
        "json": true
      },
      "version": "5.1.0"
    }
  }
}